<?xml version="1.0" encoding="UTF-8"?>
<!-- Generated by org.testng.reporters.JUnitReportReporter -->
<testsuite hostname="DESKTOP-D762TU2" failures="0" tests="2" name="javaPackage.TestNg1" time="0.029" errors="0" timestamp="2025-03-15T12:20:56 IST" skipped="0">
  <testcase classname="javaPackage.TestNg1" name="Test1" time="0.017"/>
  <testcase classname="javaPackage.TestNg1" name="Test2" time="0.012"/>
</testsuite> <!-- javaPackage.TestNg1 -->
