<?xml version="1.0" encoding="UTF-8"?>
<!-- Generated by org.testng.reporters.JUnitReportReporter -->
<testsuite hostname="DESKTOP-D762TU2" failures="0" tests="2" name="javaPackage.Program1" time="50.508" errors="0" timestamp="2025-03-16T01:41:06 IST" skipped="0">
  <testcase classname="javaPackage.Program1" name="verifyTitle" time="28.448"/>
  <testcase classname="javaPackage.Program1" name="Verify_Logo" time="22.060"/>
</testsuite> <!-- javaPackage.Program1 -->
