<?xml version="1.0" encoding="UTF-8"?>
<!-- Generated by org.testng.reporters.JUnitReportReporter -->
<testsuite hostname="DESKTOP-D762TU2" failures="0" tests="2" name="MyTest.Program1" time="40.279" errors="0" timestamp="2025-03-15T20:54:58 IST" skipped="0">
  <testcase classname="MyTest.Program1" name="verifyTitle" time="13.822"/>
  <testcase classname="MyTest.Program1" name="Verify_Logo" time="26.457"/>
</testsuite> <!-- MyTest.Program1 -->
