<?xml version="1.0" encoding="UTF-8"?>
<!-- Generated by org.testng.reporters.JUnitReportReporter -->
<testsuite hostname="DESKTOP-D762TU2" failures="0" tests="1" name="Test.Program1" time="40.472" errors="0" timestamp="2025-03-15T19:18:39 IST" skipped="0">
  <testcase classname="Test.Program1" name="verifyTitle" time="40.472"/>
</testsuite> <!-- Test.Program1 -->
